 ---------- cardinality
 graph: c-fat200-2.clq, nodes: 200, edges: 3235
 ---------- cardinality
 graph: c-fat200-2.clq, nodes: 200, edges: 3235
 ---------- cardinality
 graph: c-fat200-2.clq, nodes: 200, edges: 3235
 ---------- cardinality
 graph: c-fat200-2.clq, nodes: 200, edges: 3235
 ---------- cardinality
 graph: c-fat200-2.clq, nodes: 200, edges: 3235
 ---------- cardinality
 graph: c-fat200-2.clq, nodes: 200, edges: 3235
 ---------- cardinality
 graph: c-fat200-2.clq, nodes: 200, edges: 3235
 ---------- cardinality
 graph: c-fat200-2.clq, nodes: 200, edges: 3235
 ---------- cardinality
 graph: c-fat200-2.clq, nodes: 200, edges: 3235
 ---------- cardinality
 graph: c-fat200-2.clq, nodes: 200, edges: 3235
 ---------- cardinality
 graph: c-fat200-2.clq, nodes: 200, edges: 3235
 ---------- cardinality
 graph: c-fat200-2.clq, nodes: 200, edges: 3235
 ---------- cardinality
 graph: c-fat200-2.clq, nodes: 200, edges: 3235
     opt_2: 24 | 7.39178419113 | 7.38272309303 | 0.00906109809875 | 177 | 1
 
 ---------- linear coloring
 graph: c-fat200-2.clq, nodes: 200, edges: 3235
 ---------- cardinality
 graph: c-fat200-2.clq, nodes: 200, edges: 3235
     opt_2: 24 | 6.18310809135 | 6.17392110825 | 0.00918698310852 | 177 | 1
 
 ---------- linear coloring
 graph: c-fat200-2.clq, nodes: 200, edges: 3235
     opt_2: 24 | 11.5013358593 | 11.4846799374 | 0.016655921936 | 177 | 1
 
 ---------- dsatur
 graph: c-fat200-2.clq, nodes: 200, edges: 3235
     opt_2: 24 | 315.284662962 | 314.923857927 | 0.360805034637 | 177 | 1
 
 ---------- cardinality
 graph: c-fat200-2.clq, nodes: 200, edges: 3235
 ---------- cardinality
 graph: c-fat200-2.clq, nodes: 200, edges: 3235
     opt_2: 24 | 6.52708292007 | 6.51809692383 | 0.00898599624634 | 177 | 1
 
 ---------- linear coloring
 graph: c-fat200-2.clq, nodes: 200, edges: 3235
 ---------- cardinality
 graph: c-fat200-2.clq, nodes: 200, edges: 3235
     opt_2: 24 | 5.7523651123 | 5.7431910038 | 0.00917410850525 | 177 | 1
 
 ---------- linear coloring
 graph: c-fat200-2.clq, nodes: 200, edges: 3235
 ---------- cardinality
 graph: c-fat200-2.clq, nodes: 200, edges: 3235
     opt_2: 24 | 6.67966294289 | 6.67081594467 | 0.00884699821472 | 177 | 1
 
 ---------- linear coloring
 graph: c-fat200-2.clq, nodes: 200, edges: 3235
 ---------- cardinality
 graph: c-fat200-2.clq, nodes: 200, edges: 3235
 ---------- cardinality
 graph: c-fat200-2.clq, nodes: 200, edges: 3235
     opt_2: 24 | 5.66565895081 | 5.65598392487 | 0.00967502593994 | 177 | 1
 
 ---------- linear coloring
 graph: c-fat200-2.clq, nodes: 200, edges: 3235
